D:\art\tabs\рус\Король и шут\2_druga.gp4 -> D:\art\tabs\рус\Король и шут\2_druga.gp4
D:\art\tabs\рус\Король и шут\anarchist.gp4 -> D:\art\tabs\рус\Король и шут\anarchist.gp4
D:\art\tabs\рус\Король и шут\bike.gp4 -> D:\art\tabs\рус\Король и шут\bike.gp4
D:\art\tabs\рус\Король и шут\bluzhd.teni.gtp -> D:\art\tabs\рус\Король и шут\bluzhd.teni.gtp
D:\art\tabs\рус\Король и шут\bluzhdayut_teni.gp4 -> D:\art\tabs\рус\Король и шут\bluzhdayut_teni.gp4
D:\art\tabs\рус\Король и шут\brodjaga_i_starik.gp4 -> D:\art\tabs\рус\Король и шут\brodjaga_i_starik.gp4
D:\art\tabs\рус\Король и шут\chto_videlmalish.gp4 -> D:\art\tabs\рус\Король и шут\chto_videlmalish.gp4
D:\art\tabs\рус\Король и шут\cursed_old_home.gp3 -> D:\art\tabs\рус\Король и шут\cursed_old_home.gp3
D:\art\tabs\рус\Король и шут\ded_na_svadbe.gp4 -> D:\art\tabs\рус\Король и шут\ded_na_svadbe.gp4
D:\art\tabs\рус\Король и шут\devushka_i_graf.gp4 -> D:\art\tabs\рус\Король и шут\devushka_i_graf.gp4
D:\art\tabs\рус\Король и шут\drevlyane.gp4 -> D:\art\tabs\рус\Король и шут\drevlyane.gp4
D:\art\tabs\рус\Король и шут\durak_i_molnia.gp4 -> D:\art\tabs\рус\Король и шут\durak_i_molnia.gp4
D:\art\tabs\рус\Король и шут\durak_i_molnija.gp3 -> D:\art\tabs\рус\Король и шут\durak_i_molnija.gp3
D:\art\tabs\рус\Король и шут\durak_i_molniya1.gp3 -> D:\art\tabs\рус\Король и шут\durak_i_molniya1.gp3
D:\art\tabs\рус\Король и шут\durak_i_molniya1.gtp -> D:\art\tabs\рус\Король и шут\durak_i_molniya1.gtp
D:\art\tabs\рус\Король и шут\durak_i_molniya1_.gp3 -> D:\art\tabs\рус\Король и шут\durak_i_molniya1_.gp3
D:\art\tabs\рус\Король и шут\durak_i_molniya2.gtp -> D:\art\tabs\рус\Король и шут\durak_i_molniya2.gtp
D:\art\tabs\рус\Король и шут\dva_vora.gp4 -> D:\art\tabs\рус\Король и шут\dva_vora.gp4
D:\art\tabs\рус\Король и шут\eli_myaso_muzhiki1.gp3 -> D:\art\tabs\рус\Король и шут\eli_myaso_muzhiki1.gp3
D:\art\tabs\рус\Король и шут\eli_myaso_muzhiki1.gtp -> D:\art\tabs\рус\Король и шут\eli_myaso_muzhiki1.gtp
D:\art\tabs\рус\Король и шут\fisherman.gp4 -> D:\art\tabs\рус\Король и шут\fisherman.gp4
D:\art\tabs\рус\Король и шут\forester.gp4 -> D:\art\tabs\рус\Король и шут\forester.gp4
D:\art\tabs\рус\Король и шут\gimn_shuta.gp3 -> D:\art\tabs\рус\Король и шут\gimn_shuta.gp3
D:\art\tabs\рус\Король и шут\glaz_alonsa.gp4 -> D:\art\tabs\рус\Король и шут\glaz_alonsa.gp4
D:\art\tabs\рус\Король и шут\goblin.gp3 -> D:\art\tabs\рус\Король и шут\goblin.gp3
D:\art\tabs\рус\Король и шут\goblin_.gp3 -> D:\art\tabs\рус\Король и шут\goblin_.gp3
D:\art\tabs\рус\Король и шут\golova.gp4 -> D:\art\tabs\рус\Король и шут\golova.gp4
D:\art\tabs\рус\Король и шут\golye_koki.gp3 -> D:\art\tabs\рус\Король и шут\golye_koki.gp3
D:\art\tabs\рус\Король и шут\groxohet_grom.gp3 -> D:\art\tabs\рус\Король и шут\groxohet_grom.gp3
D:\art\tabs\рус\Король и шут\holodno.gp4 -> D:\art\tabs\рус\Король и шут\holodno.gp4
D:\art\tabs\рус\Король и шут\holodnoe_telo.gp4 -> D:\art\tabs\рус\Король и шут\holodnoe_telo.gp4
D:\art\tabs\рус\Король и шут\horned.gp4 -> D:\art\tabs\рус\Король и шут\horned.gp4
D:\art\tabs\рус\Король и шут\hunter.gp4 -> D:\art\tabs\рус\Король и шут\hunter.gp4
D:\art\tabs\рус\Король и шут\istinniy_ubiycza.gp4 -> D:\art\tabs\рус\Король и шут\istinniy_ubiycza.gp4
D:\art\tabs\рус\Король и шут\kamnem_po_golove.gp3 -> D:\art\tabs\рус\Король и шут\kamnem_po_golove.gp3
D:\art\tabs\рус\Король и шут\kamnem_po_golove.gp4 -> D:\art\tabs\рус\Король и шут\kamnem_po_golove.gp4
D:\art\tabs\рус\Король и шут\koki.gp3 -> D:\art\tabs\рус\Король и шут\koki.gp3
D:\art\tabs\рус\Король и шут\koldun.gp3 -> D:\art\tabs\рус\Король и шут\koldun.gp3
D:\art\tabs\рус\Король и шут\korolj_i_shut.gp3 -> D:\art\tabs\рус\Король и шут\korolj_i_shut.gp3
D:\art\tabs\рус\Король и шут\ktovsehridumal.gp4 -> D:\art\tabs\рус\Король и шут\ktovsehridumal.gp4
D:\art\tabs\рус\Король и шут\kukla_kolduna_v2.gp3 -> D:\art\tabs\рус\Король и шут\kukla_kolduna_v2.gp3
D:\art\tabs\рус\Король и шут\kuzen.gp3 -> D:\art\tabs\рус\Король и шут\kuzen.gp3
D:\art\tabs\рус\Король и шут\kuzma_i_barin.gp4 -> D:\art\tabs\рус\Король и шут\kuzma_i_barin.gp4
D:\art\tabs\рус\Король и шут\leshij_obidelsa.gp3 -> D:\art\tabs\рус\Король и шут\leshij_obidelsa.gp3
D:\art\tabs\рус\Король и шут\lesnik_.gp4 -> D:\art\tabs\рус\Король и шут\lesnik_.gp4
D:\art\tabs\рус\Король и шут\lesnik_v2.gp4 -> D:\art\tabs\рус\Король и шут\lesnik_v2.gp4
D:\art\tabs\рус\Король и шут\lesnik1.gp3 -> D:\art\tabs\рус\Король и шут\lesnik1.gp3
D:\art\tabs\рус\Король и шут\lubov_i_propeller.gp4 -> D:\art\tabs\рус\Король и шут\lubov_i_propeller.gp4
D:\art\tabs\рус\Король и шут\master_priglashaet_gosty.gp4 -> D:\art\tabs\рус\Король и шут\master_priglashaet_gosty.gp4
D:\art\tabs\рус\Король и шут\memories_about_past_love.gp3 -> D:\art\tabs\рус\Король и шут\memories_about_past_love.gp3
D:\art\tabs\рус\Король и шут\mertvii_anarchist.gp4 -> D:\art\tabs\рус\Король и шут\mertvii_anarchist.gp4
D:\art\tabs\рус\Король и шут\mertvij_anarchist.gp4 -> D:\art\tabs\рус\Король и шут\mertvij_anarchist.gp4
D:\art\tabs\рус\Король и шут\mertvy_anarhist.gp4 -> D:\art\tabs\рус\Король и шут\mertvy_anarhist.gp4
D:\art\tabs\рус\Король и шут\mertvy_anarhist_.gp4 -> D:\art\tabs\рус\Король и шут\mertvy_anarhist_.gp4
D:\art\tabs\рус\Король и шут\mertvyi_anarhist.gp4 -> D:\art\tabs\рус\Король и шут\mertvyi_anarhist.gp4
D:\art\tabs\рус\Король и шут\mest'_garri.gp4 -> D:\art\tabs\рус\Король и шут\mest'_garri.gp4
D:\art\tabs\рус\Король и шут\mest_harry.gp4 -> D:\art\tabs\рус\Король и шут\mest_harry.gp4
D:\art\tabs\рус\Король и шут\mestgarri.gp4 -> D:\art\tabs\рус\Король и шут\mestgarri.gp4
D:\art\tabs\рус\Король и шут\mest'garri.gp4 -> D:\art\tabs\рус\Король и шут\mest'garri.gp4
D:\art\tabs\рус\Король и шут\miertvyiy_antihrist.gp3 -> D:\art\tabs\рус\Король и шут\miertvyiy_antihrist.gp3
D:\art\tabs\рус\Король и шут\molotov.gp3 -> D:\art\tabs\рус\Король и шут\molotov.gp3
D:\art\tabs\рус\Король и шут\moto.gp3 -> D:\art\tabs\рус\Король и шут\moto.gp3
D:\art\tabs\рус\Король и шут\moto.gtp -> D:\art\tabs\рус\Король и шут\moto.gtp
D:\art\tabs\рус\Король и шут\motocikl.gp3 -> D:\art\tabs\рус\Король и шут\motocikl.gp3
D:\art\tabs\рус\Король и шут\nabliudatel'.gp4 -> D:\art\tabs\рус\Король и шут\nabliudatel'.gp4
D:\art\tabs\рус\Король и шут\nablydatel.gp4 -> D:\art\tabs\рус\Король и шут\nablydatel.gp4
D:\art\tabs\рус\Король и шут\ohotnik.gp4 -> D:\art\tabs\рус\Король и шут\ohotnik.gp4
D:\art\tabs\рус\Король и шут\orkestr.gp3 -> D:\art\tabs\рус\Король и шут\orkestr.gp3
D:\art\tabs\рус\Король и шут\osel.gp3 -> D:\art\tabs\рус\Король и шут\osel.gp3
D:\art\tabs\рус\Король и шут\ot_zhenshchin_krugom_golova.gp3 -> D:\art\tabs\рус\Король и шут\ot_zhenshchin_krugom_golova.gp3
D:\art\tabs\рус\Король и шут\ot_zhenshin_krugom_golova1.gp3 -> D:\art\tabs\рус\Король и шут\ot_zhenshin_krugom_golova1.gp3
D:\art\tabs\рус\Король и шут\otets_i_maski.gp3 -> D:\art\tabs\рус\Король и шут\otets_i_maski.gp3
D:\art\tabs\рус\Король и шут\otvet_lutaya_mest.gp4 -> D:\art\tabs\рус\Король и шут\otvet_lutaya_mest.gp4
D:\art\tabs\рус\Король и шут\panica_v_sele.gp4 -> D:\art\tabs\рус\Король и шут\panica_v_sele.gp4
D:\art\tabs\рус\Король и шут\pivnoi_cherep.gp4 -> D:\art\tabs\рус\Король и шут\pivnoi_cherep.gp4
D:\art\tabs\рус\Король и шут\pivnoiy_cherep.gp4 -> D:\art\tabs\рус\Король и шут\pivnoiy_cherep.gp4
D:\art\tabs\рус\Король и шут\prervannaja_ljubov_ili_arbuznaja_korka.gp3 -> D:\art\tabs\рус\Король и шут\prervannaja_ljubov_ili_arbuznaja_korka.gp3
D:\art\tabs\рус\Король и шут\prervannaya_lyubov_ili.gp3 -> D:\art\tabs\рус\Король и шут\prervannaya_lyubov_ili.gp3
D:\art\tabs\рус\Король и шут\prignu_new.gp3 -> D:\art\tabs\рус\Король и шут\prignu_new.gp3
D:\art\tabs\рус\Король и шут\prignu_so_skali.gp4 -> D:\art\tabs\рус\Король и шут\prignu_so_skali.gp4
D:\art\tabs\рус\Король и шут\pro_ivana.gp4 -> D:\art\tabs\рус\Король и шут\pro_ivana.gp4
D:\art\tabs\рус\Король и шут\prokaznik_skamoroh.gp4 -> D:\art\tabs\рус\Король и шут\prokaznik_skamoroh.gp4
D:\art\tabs\рус\Король и шут\prokliatyiy_staryiy_dom.gp3 -> D:\art\tabs\рус\Король и шут\prokliatyiy_staryiy_dom.gp3
D:\art\tabs\рус\Король и шут\prygnu_so_skaly.gtp -> D:\art\tabs\рус\Король и шут\prygnu_so_skaly.gtp
D:\art\tabs\рус\Король и шут\prygnut_'_so_skaly.gp3 -> D:\art\tabs\рус\Король и шут\prygnut_'_so_skaly.gp3
D:\art\tabs\рус\Король и шут\sapogi.gp4 -> D:\art\tabs\рус\Король и шут\sapogi.gp4
D:\art\tabs\рус\Король и шут\sapogi_mertvea.gp4 -> D:\art\tabs\рус\Король и шут\sapogi_mertvea.gp4
D:\art\tabs\рус\Король и шут\shapka.gp4 -> D:\art\tabs\рус\Король и шут\shapka.gp4
D:\art\tabs\рус\Король и шут\single_staff.gp3 -> D:\art\tabs\рус\Король и шут\single_staff.gp3
D:\art\tabs\рус\Король и шут\smel_'chak_i_veter.gp3 -> D:\art\tabs\рус\Король и шут\smel_'chak_i_veter.gp3
D:\art\tabs\рус\Король и шут\smel_hak_i_veter.gp3 -> D:\art\tabs\рус\Король и шут\smel_hak_i_veter.gp3
D:\art\tabs\рус\Король и шут\sobr.gtp -> D:\art\tabs\рус\Король и шут\sobr.gtp
D:\art\tabs\рус\Король и шут\sobranie.gp4 -> D:\art\tabs\рус\Король и шут\sobranie.gp4
D:\art\tabs\рус\Король и шут\sociska.gp4 -> D:\art\tabs\рус\Король и шут\sociska.gp4
D:\art\tabs\рус\Король и шут\spiatil_otez.gp4 -> D:\art\tabs\рус\Король и шут\spiatil_otez.gp4
D:\art\tabs\рус\Король и шут\tht_old_home.gp4 -> D:\art\tabs\рус\Король и шут\tht_old_home.gp4
D:\art\tabs\рус\Король и шут\tm¦ehcv.gp3 -> D:\art\tabs\рус\Король и шут\tm¦ehcv.gp3
D:\art\tabs\рус\Король и шут\trolli.gp4 -> D:\art\tabs\рус\Король и шут\trolli.gp4
D:\art\tabs\рус\Король и шут\two_friends.gp4 -> D:\art\tabs\рус\Король и шут\two_friends.gp4
D:\art\tabs\рус\Король и шут\valiet_i_dama.gp4 -> D:\art\tabs\рус\Король и шут\valiet_i_dama.gp4
D:\art\tabs\рус\Король и шут\vdova_i_gorbun.gp4 -> D:\art\tabs\рус\Король и шут\vdova_i_gorbun.gp4
D:\art\tabs\рус\Король и шут\vdova_i_gorbuv.gp4 -> D:\art\tabs\рус\Король и шут\vdova_i_gorbuv.gp4
D:\art\tabs\рус\Король и шут\ved_'ma_i_osjol.gp3 -> D:\art\tabs\рус\Король и шут\ved_'ma_i_osjol.gp3
D:\art\tabs\рус\Король и шут\vernaja_jena.gp3 -> D:\art\tabs\рус\Король и шут\vernaja_jena.gp3
D:\art\tabs\рус\Король и шут\vnezapnaya_golova.gp4 -> D:\art\tabs\рус\Король и шут\vnezapnaya_golova.gp4
D:\art\tabs\рус\Король и шут\volosokrad_v2.gp4 -> D:\art\tabs\рус\Король и шут\volosokrad_v2.gp4
D:\art\tabs\рус\Король и шут\vospominaniia_o_byloiy_liubvi.gtp -> D:\art\tabs\рус\Король и шут\vospominaniia_o_byloiy_liubvi.gtp
D:\art\tabs\рус\Король и шут\vospominaniia_o_byloiy_liubvi2.gtp -> D:\art\tabs\рус\Король и шут\vospominaniia_o_byloiy_liubvi2.gtp
D:\art\tabs\рус\Король и шут\waletidama.gp4 -> D:\art\tabs\рус\Король и шут\waletidama.gp4
D:\art\tabs\рус\Король и шут\zapret.gtp -> D:\art\tabs\рус\Король и шут\zapret.gtp
D:\art\tabs\рус\Король и шут\zapret_otca.gp4 -> D:\art\tabs\рус\Король и шут\zapret_otca.gp4
D:\art\tabs\рус\Король и шут\zapret_otca.gtp -> D:\art\tabs\рус\Король и шут\zapret_otca.gtp
D:\art\tabs\рус\Король и шут\zapret_otza.gp3 -> D:\art\tabs\рус\Король и шут\zapret_otza.gp3
D:\art\tabs\рус\Король и шут\волосокрад.gp4 -> D:\art\tabs\рус\Король и шут\volosokrad.gp4
D:\art\tabs\рус\Король и шут\Кукла колдуна.gp3 -> D:\art\tabs\рус\Король и шут\kukla_kolduna.gp3
D:\art\tabs\рус\Король и шут\ЛЕСНИК.gp4 -> D:\art\tabs\рус\Король и шут\lesnik.gp4
